<?xml version="1.0" encoding="UTF-8"?>
<testng-results ignored="0" total="2" passed="2" failed="0" skipped="0">
  <reporter-output>
  </reporter-output>
  <suite started-at="2023-02-25T09:04:06 IST" name="Suite" finished-at="2023-02-25T09:04:23 IST" duration-ms="16957">
    <groups>
    </groups>
    <test started-at="2023-02-25T09:04:06 IST" name="Test" finished-at="2023-02-25T09:04:23 IST" duration-ms="16957">
      <class name="testcases.LoginTest">
        <test-method is-config="true" signature="setupBrowser()[pri:0, instance:testcases.LoginTest@4e423aa2]" started-at="2023-02-25T09:04:08 IST" name="setupBrowser" finished-at="2023-02-25T09:04:16 IST" duration-ms="8255" status="PASS">
          <reporter-output>
          </reporter-output>
        </test-method> <!-- setupBrowser -->
        <test-method signature="loginToApplication(java.lang.String,java.lang.String)[pri:0, instance:testcases.LoginTest@4e423aa2]" started-at="2023-02-25T09:04:16 IST" name="loginToApplication" data-provider="loginDetails" finished-at="2023-02-25T09:04:16 IST" duration-ms="597" status="PASS">
          <params>
            <param index="0">
              <value>
                <![CDATA[ineuron@ineuron.ai]]>
              </value>
            </param>
            <param index="1">
              <value>
                <![CDATA[ineuron]]>
              </value>
            </param>
          </params>
          <reporter-output>
          </reporter-output>
        </test-method> <!-- loginToApplication -->
        <test-method is-config="true" signature="closeBrowser()[pri:0, instance:testcases.LoginTest@4e423aa2]" started-at="2023-02-25T09:04:17 IST" name="closeBrowser" finished-at="2023-02-25T09:04:18 IST" duration-ms="895" status="PASS">
          <reporter-output>
          </reporter-output>
        </test-method> <!-- closeBrowser -->
        <test-method is-config="true" signature="setupBrowser()[pri:0, instance:testcases.LoginTest@4e423aa2]" started-at="2023-02-25T09:04:18 IST" name="setupBrowser" finished-at="2023-02-25T09:04:21 IST" duration-ms="3755" status="PASS">
          <reporter-output>
          </reporter-output>
        </test-method> <!-- setupBrowser -->
        <test-method signature="loginToApplication(java.lang.String,java.lang.String)[pri:0, instance:testcases.LoginTest@4e423aa2]" started-at="2023-02-25T09:04:21 IST" name="loginToApplication" data-provider="loginDetails" finished-at="2023-02-25T09:04:22 IST" duration-ms="619" status="PASS">
          <params>
            <param index="0">
              <value>
                <![CDATA[admin@admin.com]]>
              </value>
            </param>
            <param index="1">
              <value>
                <![CDATA[admin]]>
              </value>
            </param>
          </params>
          <reporter-output>
          </reporter-output>
        </test-method> <!-- loginToApplication -->
        <test-method is-config="true" signature="closeBrowser()[pri:0, instance:testcases.LoginTest@4e423aa2]" started-at="2023-02-25T09:04:22 IST" name="closeBrowser" finished-at="2023-02-25T09:04:23 IST" duration-ms="782" status="PASS">
          <reporter-output>
          </reporter-output>
        </test-method> <!-- closeBrowser -->
      </class> <!-- testcases.LoginTest -->
    </test> <!-- Test -->
  </suite> <!-- Suite -->
</testng-results>
